
Showing logs for build [32mmeta-cb-kubecd-bdd-sbhg-1583794-k4t66-1[0m stage [32mmeta-pipeline[0m and container [32mstep-credential-initializer-h4gdk[0m
{"level":"warn","ts":1583795848.8089826,"logger":"fallback-logger","caller":"logging/config.go:69","msg":"Fetch GitHub commit ID from kodata failed: \"ref: refs/heads/0.8.0-**-support-backwards-incompats\" is not a valid GitHub commit ID"}
{"level":"info","ts":1583795848.8095334,"logger":"fallback-logger","caller":"creds-init/main.go:40","msg":"Credentials initialized."}

Showing logs for build [32mmeta-cb-kubecd-bdd-sbhg-1583794-k4t66-1[0m stage [32mmeta-pipeline[0m and container [32mstep-working-dir-initializer-wnqr2[0m
{"level":"warn","ts":1583795850.233329,"logger":"fallback-logger","caller":"logging/config.go:69","msg":"Fetch GitHub commit ID from kodata failed: open /var/run/ko/HEAD: no such file or directory"}
{"level":"info","ts":1583795850.2356112,"logger":"fallback-logger","caller":"bash/main.go:64","msg":"Successfully executed command \"sh -c mkdir -p /workspace/source\"; output "}

Showing logs for build [32mmeta-cb-kubecd-bdd-sbhg-1583794-k4t66-1[0m stage [32mmeta-pipeline[0m and container [32mstep-place-tools[0m

Showing logs for build [32mmeta-cb-kubecd-bdd-sbhg-1583794-k4t66-1[0m stage [32mmeta-pipeline[0m and container [32mstep-git-source-meta-cb-kubecd-bdd-sbhg-1583794-k4t66-5zw9v[0m
{"level":"warn","ts":1583795855.5784101,"logger":"fallback-logger","caller":"logging/config.go:69","msg":"Fetch GitHub commit ID from kodata failed: \"ref: refs/heads/0.8.0-**-support-backwards-incompats\" is not a valid GitHub commit ID"}
{"level":"info","ts":1583795856.787226,"logger":"fallback-logger","caller":"git/git.go:103","msg":"Successfully cloned https://github.com/cb-kubecd/bdd-sbhg-1583794487.git @ 59fc3c2b66ee3eb8fb47130e5665859cf00e5d05 in path /workspace/source"}

Showing logs for build [32mmeta-cb-kubecd-bdd-sbhg-1583794-k4t66-1[0m stage [32mmeta-pipeline[0m and container [32mstep-git-merge[0m
Using SHAs from PULL_REFS=master:59fc3c2b66ee3eb8fb47130e5665859cf00e5d05,1:217d35a0f571185ad32234c0ee27290d3542215e
DEBUG: LC_ALL=C JX_LOG_LEVEL=error git fetch origin --unshallow 217d35a0f571185ad32234c0ee27290d3542215e: 59fc3c2b66ee3eb8fb47130e5665859cf00e5d05:
DEBUG: ran git fetch --unshallow origin 217d35a0f571185ad32234c0ee27290d3542215e: 59fc3c2b66ee3eb8fb47130e5665859cf00e5d05: in 
DEBUG: JX_LOG_LEVEL=error LC_ALL=C git branch
DEBUG: LC_ALL=C JX_LOG_LEVEL=error git checkout master
DEBUG: ran git checkout master in 
DEBUG: LC_ALL=C JX_LOG_LEVEL=error git reset --hard 59fc3c2b66ee3eb8fb47130e5665859cf00e5d05
DEBUG: ran git reset --hard 59fc3c2b66ee3eb8fb47130e5665859cf00e5d05 in 
DEBUG: LC_ALL=C JX_LOG_LEVEL=error git clean -fd .
DEBUG: ran clean --force -d . in 
DEBUG: LC_ALL=C JX_LOG_LEVEL=error git merge 217d35a0f571185ad32234c0ee27290d3542215e
DEBUG: ran git merge 217d35a0f571185ad32234c0ee27290d3542215e in 
DEBUG: LC_ALL=C JX_LOG_LEVEL=error git log --format=%H%x1f%an%x1f%ae%x1f%cn%x1f%ce%x1f%s%n%b%x1e 59fc3c2b66ee3eb8fb47130e5665859cf00e5d05..HEAD
Merged SHA 217d35a0f571185ad32234c0ee27290d3542215e with commit message 'My first PR commit' into base branch master

Showing logs for build [32mmeta-cb-kubecd-bdd-sbhg-1583794-k4t66-1[0m stage [32mmeta-pipeline[0m and container [32mstep-merge-pull-refs[0m
DEBUG: LC_ALL=C JX_LOG_LEVEL=error git fetch origin --unshallow 217d35a0f571185ad32234c0ee27290d3542215e: 59fc3c2b66ee3eb8fb47130e5665859cf00e5d05:
DEBUG: LC_ALL=C JX_LOG_LEVEL=error git fetch origin 217d35a0f571185ad32234c0ee27290d3542215e: 59fc3c2b66ee3eb8fb47130e5665859cf00e5d05:
DEBUG: ran git fetch origin 217d35a0f571185ad32234c0ee27290d3542215e: 59fc3c2b66ee3eb8fb47130e5665859cf00e5d05: in 
DEBUG: JX_LOG_LEVEL=error LC_ALL=C git rev-parse --is-shallow-repository
DEBUG: Unshallowed git repo in 
DEBUG: LC_ALL=C JX_LOG_LEVEL=error git branch
DEBUG: LC_ALL=C JX_LOG_LEVEL=error git checkout master
DEBUG: ran git checkout master in 
DEBUG: LC_ALL=C JX_LOG_LEVEL=error git reset --hard 59fc3c2b66ee3eb8fb47130e5665859cf00e5d05
DEBUG: ran git reset --hard 59fc3c2b66ee3eb8fb47130e5665859cf00e5d05 in 
DEBUG: LC_ALL=C JX_LOG_LEVEL=error git clean -fd .
DEBUG: ran clean --force -d . in 
DEBUG: LC_ALL=C JX_LOG_LEVEL=error git merge 217d35a0f571185ad32234c0ee27290d3542215e
DEBUG: ran git merge 217d35a0f571185ad32234c0ee27290d3542215e in 
DEBUG: LC_ALL=C JX_LOG_LEVEL=error git log --format=%H%x1f%an%x1f%ae%x1f%cn%x1f%ce%x1f%s%n%b%x1e 59fc3c2b66ee3eb8fb47130e5665859cf00e5d05..HEAD
Merged SHA 217d35a0f571185ad32234c0ee27290d3542215e with commit message 'My first PR commit' into base branch master

Showing logs for build [32mmeta-cb-kubecd-bdd-sbhg-1583794-k4t66-1[0m stage [32mmeta-pipeline[0m and container [32mstep-create-effective-pipeline[0m
Effective pipeline written to jenkins-x-pr-build-effective.yml

Showing logs for build [32mmeta-cb-kubecd-bdd-sbhg-1583794-k4t66-1[0m stage [32mmeta-pipeline[0m and container [32mstep-create-tekton-crds[0m
error: Unable to create version resolver: fetching tags: git output: fatal: unable to access 'https://github.com/cloudbees/cloudbees-jenkins-x-versions.git/': The requested URL returned error: 502: failed to run 'git fetch --tags' command in directory '/builder/home/.**/jenkins-x-versions', output: 'fatal: unable to access 'https://github.com/cloudbees/cloudbees-jenkins-x-versions.git/': The requested URL returned error: 502'
[31m
Pipeline failed on stage 'meta-pipeline' : container 'step-create-tekton-crds'. The execution of the pipeline has stopped.[0m
